Classic Timing Analyzer report for m8hz
Sat Nov 13 10:03:32 2021
Quartus II Version 9.0 Build 132 02/25/2009 SJ Full Version


---------------------
; Table of Contents ;
---------------------
  1. Legal Notice
  2. Timing Analyzer Summary
  3. Timing Analyzer Settings
  4. Clock Settings Summary
  5. Parallel Compilation
  6. Clock Setup: 'clk'
  7. tco
  8. Timing Analyzer Messages



----------------
; Legal Notice ;
----------------
Copyright (C) 1991-2009 Altera Corporation
Your use of Altera Corporation's design tools, logic functions 
and other software and tools, and its AMPP partner logic 
functions, and any output files from any of the foregoing 
(including device programming or simulation files), and any 
associated documentation or information are expressly subject 
to the terms and conditions of the Altera Program License 
Subscription Agreement, Altera MegaCore Function License 
Agreement, or other applicable license agreement, including, 
without limitation, that your use is for the sole purpose of 
programming logic devices manufactured by Altera and sold by 
Altera or its authorized distributors.  Please refer to the 
applicable agreement for further details.



+--------------------------------------------------------------------------------------------------------------------------------------------------+
; Timing Analyzer Summary                                                                                                                          ;
+------------------------------+-------+---------------+----------------------------------+--------+--------+------------+----------+--------------+
; Type                         ; Slack ; Required Time ; Actual Time                      ; From   ; To     ; From Clock ; To Clock ; Failed Paths ;
+------------------------------+-------+---------------+----------------------------------+--------+--------+------------+----------+--------------+
; Worst-case tco               ; N/A   ; None          ; 11.785 ns                        ; co2    ; c      ; clk        ; --       ; 0            ;
; Clock Setup: 'clk'           ; N/A   ; None          ; 180.51 MHz ( period = 5.540 ns ) ; q1[11] ; q1[12] ; clk        ; clk      ; 0            ;
; Total number of failed paths ;       ;               ;                                  ;        ;        ;            ;          ; 0            ;
+------------------------------+-------+---------------+----------------------------------+--------+--------+------------+----------+--------------+


+--------------------------------------------------------------------------------------------------------------------+
; Timing Analyzer Settings                                                                                           ;
+---------------------------------------------------------------------+--------------------+------+----+-------------+
; Option                                                              ; Setting            ; From ; To ; Entity Name ;
+---------------------------------------------------------------------+--------------------+------+----+-------------+
; Device Name                                                         ; EP2C5T144C8        ;      ;    ;             ;
; Timing Models                                                       ; Final              ;      ;    ;             ;
; Default hold multicycle                                             ; Same as Multicycle ;      ;    ;             ;
; Cut paths between unrelated clock domains                           ; On                 ;      ;    ;             ;
; Cut off read during write signal paths                              ; On                 ;      ;    ;             ;
; Cut off feedback from I/O pins                                      ; On                 ;      ;    ;             ;
; Report Combined Fast/Slow Timing                                    ; Off                ;      ;    ;             ;
; Ignore Clock Settings                                               ; Off                ;      ;    ;             ;
; Analyze latches as synchronous elements                             ; On                 ;      ;    ;             ;
; Enable Recovery/Removal analysis                                    ; Off                ;      ;    ;             ;
; Enable Clock Latency                                                ; Off                ;      ;    ;             ;
; Use TimeQuest Timing Analyzer                                       ; Off                ;      ;    ;             ;
; Minimum Core Junction Temperature                                   ; 0                  ;      ;    ;             ;
; Maximum Core Junction Temperature                                   ; 85                 ;      ;    ;             ;
; Number of source nodes to report per destination node               ; 10                 ;      ;    ;             ;
; Number of destination nodes to report                               ; 10                 ;      ;    ;             ;
; Number of paths to report                                           ; 200                ;      ;    ;             ;
; Report Minimum Timing Checks                                        ; Off                ;      ;    ;             ;
; Use Fast Timing Models                                              ; Off                ;      ;    ;             ;
; Report IO Paths Separately                                          ; Off                ;      ;    ;             ;
; Perform Multicorner Analysis                                        ; On                 ;      ;    ;             ;
; Reports the worst-case path for each clock domain and analysis      ; Off                ;      ;    ;             ;
; Removes common clock path pessimism (CCPP) during slack computation ; Off                ;      ;    ;             ;
; Output I/O Timing Endpoint                                          ; Near End           ;      ;    ;             ;
+---------------------------------------------------------------------+--------------------+------+----+-------------+


+------------------------------------------------------------------------------------------------------------------------------------------------------------------------------------+
; Clock Settings Summary                                                                                                                                                             ;
+-----------------+--------------------+----------+------------------+---------------+--------------+----------+-----------------------+---------------------+--------+--------------+
; Clock Node Name ; Clock Setting Name ; Type     ; Fmax Requirement ; Early Latency ; Late Latency ; Based on ; Multiply Base Fmax by ; Divide Base Fmax by ; Offset ; Phase offset ;
+-----------------+--------------------+----------+------------------+---------------+--------------+----------+-----------------------+---------------------+--------+--------------+
; clk             ;                    ; User Pin ; None             ; 0.000 ns      ; 0.000 ns     ; --       ; N/A                   ; N/A                 ; N/A    ;              ;
+-----------------+--------------------+----------+------------------+---------------+--------------+----------+-----------------------+---------------------+--------+--------------+


+------------------------------------------+
; Parallel Compilation                     ;
+----------------------------+-------------+
; Processors                 ; Number      ;
+----------------------------+-------------+
; Number detected on machine ; 6           ;
; Maximum allowed            ; 4           ;
;                            ;             ;
; Average used               ; 1.00        ;
; Maximum used               ; 1           ;
;                            ;             ;
; Usage by Processor         ; % Time Used ;
;     1 processor            ; 100.0%      ;
;     2-6 processors         ;   0.0%      ;
+----------------------------+-------------+


+-----------------------------------------------------------------------------------------------------------------------------------------------------------------------------------------------------------------------------+
; Clock Setup: 'clk'                                                                                                                                                                                                          ;
+-----------------------------------------+-----------------------------------------------------+--------+--------+------------+----------+-----------------------------+---------------------------+-------------------------+
; Slack                                   ; Actual fmax (period)                                ; From   ; To     ; From Clock ; To Clock ; Required Setup Relationship ; Required Longest P2P Time ; Actual Longest P2P Time ;
+-----------------------------------------+-----------------------------------------------------+--------+--------+------------+----------+-----------------------------+---------------------------+-------------------------+
; N/A                                     ; 180.51 MHz ( period = 5.540 ns )                    ; q1[11] ; q1[12] ; clk        ; clk      ; None                        ; None                      ; 5.274 ns                ;
; N/A                                     ; 180.54 MHz ( period = 5.539 ns )                    ; q1[10] ; q1[12] ; clk        ; clk      ; None                        ; None                      ; 5.270 ns                ;
; N/A                                     ; 184.81 MHz ( period = 5.411 ns )                    ; q1[0]  ; q1[12] ; clk        ; clk      ; None                        ; None                      ; 5.142 ns                ;
; N/A                                     ; 185.19 MHz ( period = 5.400 ns )                    ; q1[11] ; q1[20] ; clk        ; clk      ; None                        ; None                      ; 5.136 ns                ;
; N/A                                     ; 185.22 MHz ( period = 5.399 ns )                    ; q1[10] ; q1[20] ; clk        ; clk      ; None                        ; None                      ; 5.132 ns                ;
; N/A                                     ; 185.22 MHz ( period = 5.399 ns )                    ; q1[11] ; q1[17] ; clk        ; clk      ; None                        ; None                      ; 5.135 ns                ;
; N/A                                     ; 185.22 MHz ( period = 5.399 ns )                    ; q1[11] ; q1[16] ; clk        ; clk      ; None                        ; None                      ; 5.135 ns                ;
; N/A                                     ; 185.25 MHz ( period = 5.398 ns )                    ; q1[11] ; q1[7]  ; clk        ; clk      ; None                        ; None                      ; 5.132 ns                ;
; N/A                                     ; 185.25 MHz ( period = 5.398 ns )                    ; q1[10] ; q1[17] ; clk        ; clk      ; None                        ; None                      ; 5.131 ns                ;
; N/A                                     ; 185.25 MHz ( period = 5.398 ns )                    ; q1[10] ; q1[16] ; clk        ; clk      ; None                        ; None                      ; 5.131 ns                ;
; N/A                                     ; 185.29 MHz ( period = 5.397 ns )                    ; q1[10] ; q1[7]  ; clk        ; clk      ; None                        ; None                      ; 5.128 ns                ;
; N/A                                     ; 185.32 MHz ( period = 5.396 ns )                    ; q1[11] ; q1[4]  ; clk        ; clk      ; None                        ; None                      ; 5.130 ns                ;
; N/A                                     ; 185.32 MHz ( period = 5.396 ns )                    ; q1[11] ; q1[6]  ; clk        ; clk      ; None                        ; None                      ; 5.130 ns                ;
; N/A                                     ; 185.36 MHz ( period = 5.395 ns )                    ; q1[10] ; q1[4]  ; clk        ; clk      ; None                        ; None                      ; 5.126 ns                ;
; N/A                                     ; 185.36 MHz ( period = 5.395 ns )                    ; q1[10] ; q1[6]  ; clk        ; clk      ; None                        ; None                      ; 5.126 ns                ;
; N/A                                     ; 185.36 MHz ( period = 5.395 ns )                    ; q1[11] ; q1[9]  ; clk        ; clk      ; None                        ; None                      ; 5.129 ns                ;
; N/A                                     ; 185.39 MHz ( period = 5.394 ns )                    ; q1[10] ; q1[9]  ; clk        ; clk      ; None                        ; None                      ; 5.125 ns                ;
; N/A                                     ; 186.57 MHz ( period = 5.360 ns )                    ; q1[4]  ; q1[12] ; clk        ; clk      ; None                        ; None                      ; 5.096 ns                ;
; N/A                                     ; 187.06 MHz ( period = 5.346 ns )                    ; q1[8]  ; q1[12] ; clk        ; clk      ; None                        ; None                      ; 5.077 ns                ;
; N/A                                     ; 189.72 MHz ( period = 5.271 ns )                    ; q1[0]  ; q1[20] ; clk        ; clk      ; None                        ; None                      ; 5.004 ns                ;
; N/A                                     ; 189.75 MHz ( period = 5.270 ns )                    ; q1[0]  ; q1[17] ; clk        ; clk      ; None                        ; None                      ; 5.003 ns                ;
; N/A                                     ; 189.75 MHz ( period = 5.270 ns )                    ; q1[0]  ; q1[16] ; clk        ; clk      ; None                        ; None                      ; 5.003 ns                ;
; N/A                                     ; 189.79 MHz ( period = 5.269 ns )                    ; q1[0]  ; q1[7]  ; clk        ; clk      ; None                        ; None                      ; 5.000 ns                ;
; N/A                                     ; 189.86 MHz ( period = 5.267 ns )                    ; q1[0]  ; q1[4]  ; clk        ; clk      ; None                        ; None                      ; 4.998 ns                ;
; N/A                                     ; 189.86 MHz ( period = 5.267 ns )                    ; q1[0]  ; q1[6]  ; clk        ; clk      ; None                        ; None                      ; 4.998 ns                ;
; N/A                                     ; 189.90 MHz ( period = 5.266 ns )                    ; q1[0]  ; q1[9]  ; clk        ; clk      ; None                        ; None                      ; 4.997 ns                ;
; N/A                                     ; 190.73 MHz ( period = 5.243 ns )                    ; q1[1]  ; q1[12] ; clk        ; clk      ; None                        ; None                      ; 4.974 ns                ;
; N/A                                     ; 191.57 MHz ( period = 5.220 ns )                    ; q1[4]  ; q1[20] ; clk        ; clk      ; None                        ; None                      ; 4.958 ns                ;
; N/A                                     ; 191.61 MHz ( period = 5.219 ns )                    ; q1[4]  ; q1[17] ; clk        ; clk      ; None                        ; None                      ; 4.957 ns                ;
; N/A                                     ; 191.61 MHz ( period = 5.219 ns )                    ; q1[4]  ; q1[16] ; clk        ; clk      ; None                        ; None                      ; 4.957 ns                ;
; N/A                                     ; 191.64 MHz ( period = 5.218 ns )                    ; q1[4]  ; q1[7]  ; clk        ; clk      ; None                        ; None                      ; 4.954 ns                ;
; N/A                                     ; 191.72 MHz ( period = 5.216 ns )                    ; q1[4]  ; q1[4]  ; clk        ; clk      ; None                        ; None                      ; 4.952 ns                ;
; N/A                                     ; 191.72 MHz ( period = 5.216 ns )                    ; q1[4]  ; q1[6]  ; clk        ; clk      ; None                        ; None                      ; 4.952 ns                ;
; N/A                                     ; 191.75 MHz ( period = 5.215 ns )                    ; q1[4]  ; q1[9]  ; clk        ; clk      ; None                        ; None                      ; 4.951 ns                ;
; N/A                                     ; 192.09 MHz ( period = 5.206 ns )                    ; q1[8]  ; q1[20] ; clk        ; clk      ; None                        ; None                      ; 4.939 ns                ;
; N/A                                     ; 192.12 MHz ( period = 5.205 ns )                    ; q1[8]  ; q1[17] ; clk        ; clk      ; None                        ; None                      ; 4.938 ns                ;
; N/A                                     ; 192.12 MHz ( period = 5.205 ns )                    ; q1[8]  ; q1[16] ; clk        ; clk      ; None                        ; None                      ; 4.938 ns                ;
; N/A                                     ; 192.16 MHz ( period = 5.204 ns )                    ; q1[8]  ; q1[7]  ; clk        ; clk      ; None                        ; None                      ; 4.935 ns                ;
; N/A                                     ; 192.23 MHz ( period = 5.202 ns )                    ; q1[8]  ; q1[4]  ; clk        ; clk      ; None                        ; None                      ; 4.933 ns                ;
; N/A                                     ; 192.23 MHz ( period = 5.202 ns )                    ; q1[8]  ; q1[6]  ; clk        ; clk      ; None                        ; None                      ; 4.933 ns                ;
; N/A                                     ; 192.27 MHz ( period = 5.201 ns )                    ; q1[8]  ; q1[9]  ; clk        ; clk      ; None                        ; None                      ; 4.932 ns                ;
; N/A                                     ; 194.97 MHz ( period = 5.129 ns )                    ; q1[17] ; q1[12] ; clk        ; clk      ; None                        ; None                      ; 4.863 ns                ;
; N/A                                     ; 195.96 MHz ( period = 5.103 ns )                    ; q1[1]  ; q1[20] ; clk        ; clk      ; None                        ; None                      ; 4.836 ns                ;
; N/A                                     ; 196.00 MHz ( period = 5.102 ns )                    ; q1[1]  ; q1[17] ; clk        ; clk      ; None                        ; None                      ; 4.835 ns                ;
; N/A                                     ; 196.00 MHz ( period = 5.102 ns )                    ; q1[1]  ; q1[16] ; clk        ; clk      ; None                        ; None                      ; 4.835 ns                ;
; N/A                                     ; 196.04 MHz ( period = 5.101 ns )                    ; q1[1]  ; q1[7]  ; clk        ; clk      ; None                        ; None                      ; 4.832 ns                ;
; N/A                                     ; 196.12 MHz ( period = 5.099 ns )                    ; q1[1]  ; q1[4]  ; clk        ; clk      ; None                        ; None                      ; 4.830 ns                ;
; N/A                                     ; 196.12 MHz ( period = 5.099 ns )                    ; q1[1]  ; q1[6]  ; clk        ; clk      ; None                        ; None                      ; 4.830 ns                ;
; N/A                                     ; 196.16 MHz ( period = 5.098 ns )                    ; q1[1]  ; q1[9]  ; clk        ; clk      ; None                        ; None                      ; 4.829 ns                ;
; N/A                                     ; 196.31 MHz ( period = 5.094 ns )                    ; q1[9]  ; q1[12] ; clk        ; clk      ; None                        ; None                      ; 4.830 ns                ;
; N/A                                     ; 197.20 MHz ( period = 5.071 ns )                    ; q1[16] ; q1[12] ; clk        ; clk      ; None                        ; None                      ; 4.805 ns                ;
; N/A                                     ; 200.44 MHz ( period = 4.989 ns )                    ; q1[17] ; q1[20] ; clk        ; clk      ; None                        ; None                      ; 4.725 ns                ;
; N/A                                     ; 200.48 MHz ( period = 4.988 ns )                    ; q1[17] ; q1[17] ; clk        ; clk      ; None                        ; None                      ; 4.724 ns                ;
; N/A                                     ; 200.48 MHz ( period = 4.988 ns )                    ; q1[17] ; q1[16] ; clk        ; clk      ; None                        ; None                      ; 4.724 ns                ;
; N/A                                     ; 200.52 MHz ( period = 4.987 ns )                    ; q1[17] ; q1[7]  ; clk        ; clk      ; None                        ; None                      ; 4.721 ns                ;
; N/A                                     ; 200.60 MHz ( period = 4.985 ns )                    ; q1[17] ; q1[4]  ; clk        ; clk      ; None                        ; None                      ; 4.719 ns                ;
; N/A                                     ; 200.60 MHz ( period = 4.985 ns )                    ; q1[17] ; q1[6]  ; clk        ; clk      ; None                        ; None                      ; 4.719 ns                ;
; N/A                                     ; 200.64 MHz ( period = 4.984 ns )                    ; q1[17] ; q1[9]  ; clk        ; clk      ; None                        ; None                      ; 4.718 ns                ;
; N/A                                     ; 201.86 MHz ( period = 4.954 ns )                    ; q1[9]  ; q1[20] ; clk        ; clk      ; None                        ; None                      ; 4.692 ns                ;
; N/A                                     ; 201.90 MHz ( period = 4.953 ns )                    ; q1[9]  ; q1[17] ; clk        ; clk      ; None                        ; None                      ; 4.691 ns                ;
; N/A                                     ; 201.90 MHz ( period = 4.953 ns )                    ; q1[9]  ; q1[16] ; clk        ; clk      ; None                        ; None                      ; 4.691 ns                ;
; N/A                                     ; 201.94 MHz ( period = 4.952 ns )                    ; q1[9]  ; q1[7]  ; clk        ; clk      ; None                        ; None                      ; 4.688 ns                ;
; N/A                                     ; 202.02 MHz ( period = 4.950 ns )                    ; q1[9]  ; q1[4]  ; clk        ; clk      ; None                        ; None                      ; 4.686 ns                ;
; N/A                                     ; 202.02 MHz ( period = 4.950 ns )                    ; q1[9]  ; q1[6]  ; clk        ; clk      ; None                        ; None                      ; 4.686 ns                ;
; N/A                                     ; 202.06 MHz ( period = 4.949 ns )                    ; q1[9]  ; q1[9]  ; clk        ; clk      ; None                        ; None                      ; 4.685 ns                ;
; N/A                                     ; 202.80 MHz ( period = 4.931 ns )                    ; q1[16] ; q1[20] ; clk        ; clk      ; None                        ; None                      ; 4.667 ns                ;
; N/A                                     ; 202.84 MHz ( period = 4.930 ns )                    ; q1[16] ; q1[17] ; clk        ; clk      ; None                        ; None                      ; 4.666 ns                ;
; N/A                                     ; 202.84 MHz ( period = 4.930 ns )                    ; q1[16] ; q1[16] ; clk        ; clk      ; None                        ; None                      ; 4.666 ns                ;
; N/A                                     ; 202.88 MHz ( period = 4.929 ns )                    ; q1[16] ; q1[7]  ; clk        ; clk      ; None                        ; None                      ; 4.663 ns                ;
; N/A                                     ; 202.96 MHz ( period = 4.927 ns )                    ; q1[16] ; q1[4]  ; clk        ; clk      ; None                        ; None                      ; 4.661 ns                ;
; N/A                                     ; 202.96 MHz ( period = 4.927 ns )                    ; q1[16] ; q1[6]  ; clk        ; clk      ; None                        ; None                      ; 4.661 ns                ;
; N/A                                     ; 203.00 MHz ( period = 4.926 ns )                    ; q1[16] ; q1[9]  ; clk        ; clk      ; None                        ; None                      ; 4.660 ns                ;
; N/A                                     ; 205.63 MHz ( period = 4.863 ns )                    ; q1[6]  ; q1[20] ; clk        ; clk      ; None                        ; None                      ; 4.601 ns                ;
; N/A                                     ; 206.48 MHz ( period = 4.843 ns )                    ; q1[3]  ; q1[12] ; clk        ; clk      ; None                        ; None                      ; 4.574 ns                ;
; N/A                                     ; 206.57 MHz ( period = 4.841 ns )                    ; q1[19] ; q1[12] ; clk        ; clk      ; None                        ; None                      ; 4.575 ns                ;
; N/A                                     ; 208.46 MHz ( period = 4.797 ns )                    ; q1[12] ; q1[12] ; clk        ; clk      ; None                        ; None                      ; 4.533 ns                ;
; N/A                                     ; 208.51 MHz ( period = 4.796 ns )                    ; q1[7]  ; q1[20] ; clk        ; clk      ; None                        ; None                      ; 4.534 ns                ;
; N/A                                     ; 212.59 MHz ( period = 4.704 ns )                    ; q1[12] ; q1[20] ; clk        ; clk      ; None                        ; None                      ; 4.442 ns                ;
; N/A                                     ; 212.63 MHz ( period = 4.703 ns )                    ; q1[3]  ; q1[20] ; clk        ; clk      ; None                        ; None                      ; 4.436 ns                ;
; N/A                                     ; 212.68 MHz ( period = 4.702 ns )                    ; q1[6]  ; q1[12] ; clk        ; clk      ; None                        ; None                      ; 4.438 ns                ;
; N/A                                     ; 212.68 MHz ( period = 4.702 ns )                    ; q1[3]  ; q1[17] ; clk        ; clk      ; None                        ; None                      ; 4.435 ns                ;
; N/A                                     ; 212.68 MHz ( period = 4.702 ns )                    ; q1[3]  ; q1[16] ; clk        ; clk      ; None                        ; None                      ; 4.435 ns                ;
; N/A                                     ; 212.72 MHz ( period = 4.701 ns )                    ; q1[3]  ; q1[7]  ; clk        ; clk      ; None                        ; None                      ; 4.432 ns                ;
; N/A                                     ; 212.72 MHz ( period = 4.701 ns )                    ; q1[19] ; q1[20] ; clk        ; clk      ; None                        ; None                      ; 4.437 ns                ;
; N/A                                     ; 212.77 MHz ( period = 4.700 ns )                    ; q1[19] ; q1[17] ; clk        ; clk      ; None                        ; None                      ; 4.436 ns                ;
; N/A                                     ; 212.77 MHz ( period = 4.700 ns )                    ; q1[19] ; q1[16] ; clk        ; clk      ; None                        ; None                      ; 4.436 ns                ;
; N/A                                     ; 212.81 MHz ( period = 4.699 ns )                    ; q1[3]  ; q1[4]  ; clk        ; clk      ; None                        ; None                      ; 4.430 ns                ;
; N/A                                     ; 212.81 MHz ( period = 4.699 ns )                    ; q1[3]  ; q1[6]  ; clk        ; clk      ; None                        ; None                      ; 4.430 ns                ;
; N/A                                     ; 212.81 MHz ( period = 4.699 ns )                    ; q1[19] ; q1[7]  ; clk        ; clk      ; None                        ; None                      ; 4.433 ns                ;
; N/A                                     ; 212.86 MHz ( period = 4.698 ns )                    ; q1[3]  ; q1[9]  ; clk        ; clk      ; None                        ; None                      ; 4.429 ns                ;
; N/A                                     ; 212.90 MHz ( period = 4.697 ns )                    ; q1[19] ; q1[4]  ; clk        ; clk      ; None                        ; None                      ; 4.431 ns                ;
; N/A                                     ; 212.90 MHz ( period = 4.697 ns )                    ; q1[19] ; q1[6]  ; clk        ; clk      ; None                        ; None                      ; 4.431 ns                ;
; N/A                                     ; 212.95 MHz ( period = 4.696 ns )                    ; q1[19] ; q1[9]  ; clk        ; clk      ; None                        ; None                      ; 4.430 ns                ;
; N/A                                     ; 213.86 MHz ( period = 4.676 ns )                    ; q1[2]  ; q1[20] ; clk        ; clk      ; None                        ; None                      ; 4.409 ns                ;
; N/A                                     ; 214.04 MHz ( period = 4.672 ns )                    ; q1[18] ; q1[12] ; clk        ; clk      ; None                        ; None                      ; 4.406 ns                ;
; N/A                                     ; 214.78 MHz ( period = 4.656 ns )                    ; q1[12] ; q1[17] ; clk        ; clk      ; None                        ; None                      ; 4.394 ns                ;
; N/A                                     ; 214.78 MHz ( period = 4.656 ns )                    ; q1[12] ; q1[16] ; clk        ; clk      ; None                        ; None                      ; 4.394 ns                ;
; N/A                                     ; 214.82 MHz ( period = 4.655 ns )                    ; q1[12] ; q1[7]  ; clk        ; clk      ; None                        ; None                      ; 4.391 ns                ;
; N/A                                     ; 214.92 MHz ( period = 4.653 ns )                    ; q1[12] ; q1[4]  ; clk        ; clk      ; None                        ; None                      ; 4.389 ns                ;
; N/A                                     ; 214.92 MHz ( period = 4.653 ns )                    ; q1[12] ; q1[6]  ; clk        ; clk      ; None                        ; None                      ; 4.389 ns                ;
; N/A                                     ; 214.96 MHz ( period = 4.652 ns )                    ; q1[12] ; q1[9]  ; clk        ; clk      ; None                        ; None                      ; 4.388 ns                ;
; N/A                                     ; 215.75 MHz ( period = 4.635 ns )                    ; q1[7]  ; q1[12] ; clk        ; clk      ; None                        ; None                      ; 4.371 ns                ;
; N/A                                     ; 216.97 MHz ( period = 4.609 ns )                    ; q1[2]  ; q1[12] ; clk        ; clk      ; None                        ; None                      ; 4.340 ns                ;
; N/A                                     ; 218.10 MHz ( period = 4.585 ns )                    ; q1[5]  ; q1[12] ; clk        ; clk      ; None                        ; None                      ; 4.316 ns                ;
; N/A                                     ; 219.20 MHz ( period = 4.562 ns )                    ; q1[6]  ; q1[17] ; clk        ; clk      ; None                        ; None                      ; 4.300 ns                ;
; N/A                                     ; 220.65 MHz ( period = 4.532 ns )                    ; q1[18] ; q1[20] ; clk        ; clk      ; None                        ; None                      ; 4.268 ns                ;
; N/A                                     ; 220.70 MHz ( period = 4.531 ns )                    ; q1[18] ; q1[17] ; clk        ; clk      ; None                        ; None                      ; 4.267 ns                ;
; N/A                                     ; 220.70 MHz ( period = 4.531 ns )                    ; q1[18] ; q1[16] ; clk        ; clk      ; None                        ; None                      ; 4.267 ns                ;
; N/A                                     ; 220.75 MHz ( period = 4.530 ns )                    ; q1[18] ; q1[7]  ; clk        ; clk      ; None                        ; None                      ; 4.264 ns                ;
; N/A                                     ; 220.85 MHz ( period = 4.528 ns )                    ; q1[18] ; q1[4]  ; clk        ; clk      ; None                        ; None                      ; 4.262 ns                ;
; N/A                                     ; 220.85 MHz ( period = 4.528 ns )                    ; q1[18] ; q1[6]  ; clk        ; clk      ; None                        ; None                      ; 4.262 ns                ;
; N/A                                     ; 220.90 MHz ( period = 4.527 ns )                    ; q1[18] ; q1[9]  ; clk        ; clk      ; None                        ; None                      ; 4.261 ns                ;
; N/A                                     ; 220.99 MHz ( period = 4.525 ns )                    ; q1[20] ; q1[12] ; clk        ; clk      ; None                        ; None                      ; 4.259 ns                ;
; N/A                                     ; 222.47 MHz ( period = 4.495 ns )                    ; q1[7]  ; q1[17] ; clk        ; clk      ; None                        ; None                      ; 4.233 ns                ;
; N/A                                     ; 223.36 MHz ( period = 4.477 ns )                    ; q1[6]  ; q1[16] ; clk        ; clk      ; None                        ; None                      ; 4.215 ns                ;
; N/A                                     ; 223.81 MHz ( period = 4.468 ns )                    ; q1[2]  ; q1[17] ; clk        ; clk      ; None                        ; None                      ; 4.201 ns                ;
; N/A                                     ; 223.81 MHz ( period = 4.468 ns )                    ; q1[2]  ; q1[16] ; clk        ; clk      ; None                        ; None                      ; 4.201 ns                ;
; N/A                                     ; 223.86 MHz ( period = 4.467 ns )                    ; q1[2]  ; q1[7]  ; clk        ; clk      ; None                        ; None                      ; 4.198 ns                ;
; N/A                                     ; 223.96 MHz ( period = 4.465 ns )                    ; q1[2]  ; q1[4]  ; clk        ; clk      ; None                        ; None                      ; 4.196 ns                ;
; N/A                                     ; 223.96 MHz ( period = 4.465 ns )                    ; q1[2]  ; q1[6]  ; clk        ; clk      ; None                        ; None                      ; 4.196 ns                ;
; N/A                                     ; 224.01 MHz ( period = 4.464 ns )                    ; q1[2]  ; q1[9]  ; clk        ; clk      ; None                        ; None                      ; 4.195 ns                ;
; N/A                                     ; 224.97 MHz ( period = 4.445 ns )                    ; q1[5]  ; q1[20] ; clk        ; clk      ; None                        ; None                      ; 4.178 ns                ;
; N/A                                     ; 225.02 MHz ( period = 4.444 ns )                    ; q1[5]  ; q1[17] ; clk        ; clk      ; None                        ; None                      ; 4.177 ns                ;
; N/A                                     ; 225.02 MHz ( period = 4.444 ns )                    ; q1[5]  ; q1[16] ; clk        ; clk      ; None                        ; None                      ; 4.177 ns                ;
; N/A                                     ; 225.07 MHz ( period = 4.443 ns )                    ; q1[5]  ; q1[7]  ; clk        ; clk      ; None                        ; None                      ; 4.174 ns                ;
; N/A                                     ; 225.17 MHz ( period = 4.441 ns )                    ; q1[5]  ; q1[4]  ; clk        ; clk      ; None                        ; None                      ; 4.172 ns                ;
; N/A                                     ; 225.17 MHz ( period = 4.441 ns )                    ; q1[5]  ; q1[6]  ; clk        ; clk      ; None                        ; None                      ; 4.172 ns                ;
; N/A                                     ; 225.23 MHz ( period = 4.440 ns )                    ; q1[5]  ; q1[9]  ; clk        ; clk      ; None                        ; None                      ; 4.171 ns                ;
; N/A                                     ; 225.73 MHz ( period = 4.430 ns )                    ; q1[22] ; q1[12] ; clk        ; clk      ; None                        ; None                      ; 4.164 ns                ;
; N/A                                     ; 226.76 MHz ( period = 4.410 ns )                    ; q1[7]  ; q1[16] ; clk        ; clk      ; None                        ; None                      ; 4.148 ns                ;
; N/A                                     ; 227.01 MHz ( period = 4.405 ns )                    ; q1[6]  ; q1[7]  ; clk        ; clk      ; None                        ; None                      ; 4.141 ns                ;
; N/A                                     ; 227.12 MHz ( period = 4.403 ns )                    ; q1[6]  ; q1[4]  ; clk        ; clk      ; None                        ; None                      ; 4.139 ns                ;
; N/A                                     ; 227.12 MHz ( period = 4.403 ns )                    ; q1[6]  ; q1[6]  ; clk        ; clk      ; None                        ; None                      ; 4.139 ns                ;
; N/A                                     ; 227.17 MHz ( period = 4.402 ns )                    ; q1[6]  ; q1[9]  ; clk        ; clk      ; None                        ; None                      ; 4.138 ns                ;
; N/A                                     ; 228.05 MHz ( period = 4.385 ns )                    ; q1[20] ; q1[20] ; clk        ; clk      ; None                        ; None                      ; 4.121 ns                ;
; N/A                                     ; 228.10 MHz ( period = 4.384 ns )                    ; q1[20] ; q1[17] ; clk        ; clk      ; None                        ; None                      ; 4.120 ns                ;
; N/A                                     ; 228.10 MHz ( period = 4.384 ns )                    ; q1[20] ; q1[16] ; clk        ; clk      ; None                        ; None                      ; 4.120 ns                ;
; N/A                                     ; 228.15 MHz ( period = 4.383 ns )                    ; q1[20] ; q1[7]  ; clk        ; clk      ; None                        ; None                      ; 4.117 ns                ;
; N/A                                     ; 228.26 MHz ( period = 4.381 ns )                    ; q1[20] ; q1[4]  ; clk        ; clk      ; None                        ; None                      ; 4.115 ns                ;
; N/A                                     ; 228.26 MHz ( period = 4.381 ns )                    ; q1[20] ; q1[6]  ; clk        ; clk      ; None                        ; None                      ; 4.115 ns                ;
; N/A                                     ; 228.31 MHz ( period = 4.380 ns )                    ; q1[20] ; q1[9]  ; clk        ; clk      ; None                        ; None                      ; 4.114 ns                ;
; N/A                                     ; 233.10 MHz ( period = 4.290 ns )                    ; q1[22] ; q1[20] ; clk        ; clk      ; None                        ; None                      ; 4.026 ns                ;
; N/A                                     ; 233.15 MHz ( period = 4.289 ns )                    ; q1[22] ; q1[17] ; clk        ; clk      ; None                        ; None                      ; 4.025 ns                ;
; N/A                                     ; 233.15 MHz ( period = 4.289 ns )                    ; q1[22] ; q1[16] ; clk        ; clk      ; None                        ; None                      ; 4.025 ns                ;
; N/A                                     ; 233.21 MHz ( period = 4.288 ns )                    ; q1[22] ; q1[7]  ; clk        ; clk      ; None                        ; None                      ; 4.022 ns                ;
; N/A                                     ; 233.32 MHz ( period = 4.286 ns )                    ; q1[22] ; q1[4]  ; clk        ; clk      ; None                        ; None                      ; 4.020 ns                ;
; N/A                                     ; 233.32 MHz ( period = 4.286 ns )                    ; q1[22] ; q1[6]  ; clk        ; clk      ; None                        ; None                      ; 4.020 ns                ;
; N/A                                     ; 233.37 MHz ( period = 4.285 ns )                    ; q1[22] ; q1[9]  ; clk        ; clk      ; None                        ; None                      ; 4.019 ns                ;
; N/A                                     ; 233.81 MHz ( period = 4.277 ns )                    ; q1[21] ; q1[12] ; clk        ; clk      ; None                        ; None                      ; 4.011 ns                ;
; N/A                                     ; 235.96 MHz ( period = 4.238 ns )                    ; q1[4]  ; q1[22] ; clk        ; clk      ; None                        ; None                      ; 3.976 ns                ;
; N/A                                     ; 240.85 MHz ( period = 4.152 ns )                    ; q1[4]  ; q1[21] ; clk        ; clk      ; None                        ; None                      ; 3.890 ns                ;
; N/A                                     ; 241.20 MHz ( period = 4.146 ns )                    ; q1[7]  ; q1[7]  ; clk        ; clk      ; None                        ; None                      ; 3.882 ns                ;
; N/A                                     ; 241.31 MHz ( period = 4.144 ns )                    ; q1[7]  ; q1[4]  ; clk        ; clk      ; None                        ; None                      ; 3.880 ns                ;
; N/A                                     ; 241.31 MHz ( period = 4.144 ns )                    ; q1[7]  ; q1[6]  ; clk        ; clk      ; None                        ; None                      ; 3.880 ns                ;
; N/A                                     ; 241.37 MHz ( period = 4.143 ns )                    ; q1[7]  ; q1[9]  ; clk        ; clk      ; None                        ; None                      ; 3.879 ns                ;
; N/A                                     ; 241.72 MHz ( period = 4.137 ns )                    ; q1[21] ; q1[20] ; clk        ; clk      ; None                        ; None                      ; 3.873 ns                ;
; N/A                                     ; 241.78 MHz ( period = 4.136 ns )                    ; q1[21] ; q1[17] ; clk        ; clk      ; None                        ; None                      ; 3.872 ns                ;
; N/A                                     ; 241.78 MHz ( period = 4.136 ns )                    ; q1[21] ; q1[16] ; clk        ; clk      ; None                        ; None                      ; 3.872 ns                ;
; N/A                                     ; 241.84 MHz ( period = 4.135 ns )                    ; q1[21] ; q1[7]  ; clk        ; clk      ; None                        ; None                      ; 3.869 ns                ;
; N/A                                     ; 241.95 MHz ( period = 4.133 ns )                    ; q1[21] ; q1[4]  ; clk        ; clk      ; None                        ; None                      ; 3.867 ns                ;
; N/A                                     ; 241.95 MHz ( period = 4.133 ns )                    ; q1[21] ; q1[6]  ; clk        ; clk      ; None                        ; None                      ; 3.867 ns                ;
; N/A                                     ; 242.01 MHz ( period = 4.132 ns )                    ; q1[21] ; q1[9]  ; clk        ; clk      ; None                        ; None                      ; 3.866 ns                ;
; N/A                                     ; 245.22 MHz ( period = 4.078 ns )                    ; q1[0]  ; q1[22] ; clk        ; clk      ; None                        ; None                      ; 3.811 ns                ;
; N/A                                     ; 247.28 MHz ( period = 4.044 ns )                    ; q1[6]  ; q1[22] ; clk        ; clk      ; None                        ; None                      ; 3.782 ns                ;
; N/A                                     ; 247.40 MHz ( period = 4.042 ns )                    ; q1[14] ; q1[12] ; clk        ; clk      ; None                        ; None                      ; 3.776 ns                ;
; N/A                                     ; 249.38 MHz ( period = 4.010 ns )                    ; q1[15] ; q1[12] ; clk        ; clk      ; None                        ; None                      ; 3.744 ns                ;
; N/A                                     ; 250.50 MHz ( period = 3.992 ns )                    ; q1[1]  ; q1[22] ; clk        ; clk      ; None                        ; None                      ; 3.725 ns                ;
; N/A                                     ; 250.50 MHz ( period = 3.992 ns )                    ; q1[0]  ; q1[21] ; clk        ; clk      ; None                        ; None                      ; 3.725 ns                ;
; N/A                                     ; 251.26 MHz ( period = 3.980 ns )                    ; q1[4]  ; q1[19] ; clk        ; clk      ; None                        ; None                      ; 3.718 ns                ;
; N/A                                     ; 251.45 MHz ( period = 3.977 ns )                    ; q1[7]  ; q1[22] ; clk        ; clk      ; None                        ; None                      ; 3.715 ns                ;
; N/A                                     ; 252.65 MHz ( period = 3.958 ns )                    ; q1[6]  ; q1[21] ; clk        ; clk      ; None                        ; None                      ; 3.696 ns                ;
; N/A                                     ; 256.02 MHz ( period = 3.906 ns )                    ; q1[1]  ; q1[21] ; clk        ; clk      ; None                        ; None                      ; 3.639 ns                ;
; N/A                                     ; 256.28 MHz ( period = 3.902 ns )                    ; q1[14] ; q1[20] ; clk        ; clk      ; None                        ; None                      ; 3.638 ns                ;
; N/A                                     ; 256.34 MHz ( period = 3.901 ns )                    ; q1[14] ; q1[17] ; clk        ; clk      ; None                        ; None                      ; 3.637 ns                ;
; N/A                                     ; 256.34 MHz ( period = 3.901 ns )                    ; q1[14] ; q1[16] ; clk        ; clk      ; None                        ; None                      ; 3.637 ns                ;
; N/A                                     ; 256.41 MHz ( period = 3.900 ns )                    ; q1[14] ; q1[7]  ; clk        ; clk      ; None                        ; None                      ; 3.634 ns                ;
; N/A                                     ; 256.54 MHz ( period = 3.898 ns )                    ; q1[14] ; q1[4]  ; clk        ; clk      ; None                        ; None                      ; 3.632 ns                ;
; N/A                                     ; 256.54 MHz ( period = 3.898 ns )                    ; q1[14] ; q1[6]  ; clk        ; clk      ; None                        ; None                      ; 3.632 ns                ;
; N/A                                     ; 256.54 MHz ( period = 3.898 ns )                    ; q1[13] ; q1[12] ; clk        ; clk      ; None                        ; None                      ; 3.632 ns                ;
; N/A                                     ; 256.61 MHz ( period = 3.897 ns )                    ; q1[14] ; q1[9]  ; clk        ; clk      ; None                        ; None                      ; 3.631 ns                ;
; N/A                                     ; 257.00 MHz ( period = 3.891 ns )                    ; q1[7]  ; q1[21] ; clk        ; clk      ; None                        ; None                      ; 3.629 ns                ;
; N/A                                     ; 257.40 MHz ( period = 3.885 ns )                    ; q1[12] ; q1[22] ; clk        ; clk      ; None                        ; None                      ; 3.623 ns                ;
; N/A                                     ; 258.40 MHz ( period = 3.870 ns )                    ; q1[15] ; q1[20] ; clk        ; clk      ; None                        ; None                      ; 3.606 ns                ;
; N/A                                     ; 258.46 MHz ( period = 3.869 ns )                    ; q1[15] ; q1[17] ; clk        ; clk      ; None                        ; None                      ; 3.605 ns                ;
; N/A                                     ; 258.46 MHz ( period = 3.869 ns )                    ; q1[15] ; q1[16] ; clk        ; clk      ; None                        ; None                      ; 3.605 ns                ;
; N/A                                     ; 258.53 MHz ( period = 3.868 ns )                    ; q1[15] ; q1[7]  ; clk        ; clk      ; None                        ; None                      ; 3.602 ns                ;
; N/A                                     ; 258.67 MHz ( period = 3.866 ns )                    ; q1[15] ; q1[4]  ; clk        ; clk      ; None                        ; None                      ; 3.600 ns                ;
; N/A                                     ; 258.67 MHz ( period = 3.866 ns )                    ; q1[15] ; q1[6]  ; clk        ; clk      ; None                        ; None                      ; 3.600 ns                ;
; N/A                                     ; 258.73 MHz ( period = 3.865 ns )                    ; q1[15] ; q1[9]  ; clk        ; clk      ; None                        ; None                      ; 3.599 ns                ;
; N/A                                     ; 259.27 MHz ( period = 3.857 ns )                    ; q1[2]  ; q1[22] ; clk        ; clk      ; None                        ; None                      ; 3.590 ns                ;
; N/A                                     ; 260.21 MHz ( period = 3.843 ns )                    ; q1[9]  ; q1[22] ; clk        ; clk      ; None                        ; None                      ; 3.581 ns                ;
; N/A                                     ; 261.78 MHz ( period = 3.820 ns )                    ; q1[0]  ; q1[19] ; clk        ; clk      ; None                        ; None                      ; 3.553 ns                ;
; N/A                                     ; 263.23 MHz ( period = 3.799 ns )                    ; q1[12] ; q1[21] ; clk        ; clk      ; None                        ; None                      ; 3.537 ns                ;
; N/A                                     ; 263.85 MHz ( period = 3.790 ns )                    ; q1[4]  ; q1[18] ; clk        ; clk      ; None                        ; None                      ; 3.528 ns                ;
; N/A                                     ; 264.13 MHz ( period = 3.786 ns )                    ; q1[6]  ; q1[19] ; clk        ; clk      ; None                        ; None                      ; 3.524 ns                ;
; N/A                                     ; 265.18 MHz ( period = 3.771 ns )                    ; q1[2]  ; q1[21] ; clk        ; clk      ; None                        ; None                      ; 3.504 ns                ;
; N/A                                     ; 266.10 MHz ( period = 3.758 ns )                    ; q1[13] ; q1[20] ; clk        ; clk      ; None                        ; None                      ; 3.494 ns                ;
; N/A                                     ; 266.17 MHz ( period = 3.757 ns )                    ; q1[9]  ; q1[21] ; clk        ; clk      ; None                        ; None                      ; 3.495 ns                ;
; N/A                                     ; 266.17 MHz ( period = 3.757 ns )                    ; q1[13] ; q1[17] ; clk        ; clk      ; None                        ; None                      ; 3.493 ns                ;
; N/A                                     ; 266.17 MHz ( period = 3.757 ns )                    ; q1[13] ; q1[16] ; clk        ; clk      ; None                        ; None                      ; 3.493 ns                ;
; Timing analysis restricted to 200 rows. ; To change the limit use Settings (Assignments menu) ;        ;        ;            ;          ;                             ;                           ;                         ;
+-----------------------------------------+-----------------------------------------------------+--------+--------+------------+----------+-----------------------------+---------------------------+-------------------------+


+------------------------------------------------------------+
; tco                                                        ;
+-------+--------------+------------+------+----+------------+
; Slack ; Required tco ; Actual tco ; From ; To ; From Clock ;
+-------+--------------+------------+------+----+------------+
; N/A   ; None         ; 11.785 ns  ; co2  ; c  ; clk        ;
+-------+--------------+------------+------+----+------------+


+--------------------------+
; Timing Analyzer Messages ;
+--------------------------+
Info: *******************************************************************
Info: Running Quartus II Classic Timing Analyzer
    Info: Version 9.0 Build 132 02/25/2009 SJ Full Version
    Info: Processing started: Sat Nov 13 10:03:31 2021
Info: Command: quartus_tan --read_settings_files=off --write_settings_files=off m8hz -c m8hz --timing_analysis_only
Info: Parallel compilation is enabled and will use 4 of the 6 processors detected
Warning: Found pins functioning as undefined clocks and/or memory enables
    Info: Assuming node "clk" is an undefined clock
Warning: Found 1 node(s) in clock paths which may be acting as ripple and/or gated clocks -- node(s) analyzed as buffer(s) resulting in clock skew
    Info: Detected ripple clock "co1" as buffer
Info: Clock "clk" has Internal fmax of 180.51 MHz between source register "q1[11]" and destination register "q1[12]" (period= 5.54 ns)
    Info: + Longest register to register delay is 5.274 ns
        Info: 1: + IC(0.000 ns) + CELL(0.000 ns) = 0.000 ns; Loc. = LCFF_X17_Y10_N1; Fanout = 3; REG Node = 'q1[11]'
        Info: 2: + IC(1.462 ns) + CELL(0.494 ns) = 1.956 ns; Loc. = LCCOMB_X24_Y11_N8; Fanout = 1; COMB Node = 'Equal0~3'
        Info: 3: + IC(1.414 ns) + CELL(0.370 ns) = 3.740 ns; Loc. = LCCOMB_X17_Y11_N8; Fanout = 9; COMB Node = 'Equal0~7'
        Info: 4: + IC(1.056 ns) + CELL(0.370 ns) = 5.166 ns; Loc. = LCCOMB_X15_Y11_N26; Fanout = 1; COMB Node = 'q1~27'
        Info: 5: + IC(0.000 ns) + CELL(0.108 ns) = 5.274 ns; Loc. = LCFF_X15_Y11_N27; Fanout = 3; REG Node = 'q1[12]'
        Info: Total cell delay = 1.342 ns ( 25.45 % )
        Info: Total interconnect delay = 3.932 ns ( 74.55 % )
    Info: - Smallest clock skew is -0.002 ns
        Info: + Shortest clock path from clock "clk" to destination register is 2.751 ns
            Info: 1: + IC(0.000 ns) + CELL(1.100 ns) = 1.100 ns; Loc. = PIN_17; Fanout = 2; CLK Node = 'clk'
            Info: 2: + IC(0.143 ns) + CELL(0.000 ns) = 1.243 ns; Loc. = CLKCTRL_G2; Fanout = 23; COMB Node = 'clk~clkctrl'
            Info: 3: + IC(0.842 ns) + CELL(0.666 ns) = 2.751 ns; Loc. = LCFF_X15_Y11_N27; Fanout = 3; REG Node = 'q1[12]'
            Info: Total cell delay = 1.766 ns ( 64.19 % )
            Info: Total interconnect delay = 0.985 ns ( 35.81 % )
        Info: - Longest clock path from clock "clk" to source register is 2.753 ns
            Info: 1: + IC(0.000 ns) + CELL(1.100 ns) = 1.100 ns; Loc. = PIN_17; Fanout = 2; CLK Node = 'clk'
            Info: 2: + IC(0.143 ns) + CELL(0.000 ns) = 1.243 ns; Loc. = CLKCTRL_G2; Fanout = 23; COMB Node = 'clk~clkctrl'
            Info: 3: + IC(0.844 ns) + CELL(0.666 ns) = 2.753 ns; Loc. = LCFF_X17_Y10_N1; Fanout = 3; REG Node = 'q1[11]'
            Info: Total cell delay = 1.766 ns ( 64.15 % )
            Info: Total interconnect delay = 0.987 ns ( 35.85 % )
    Info: + Micro clock to output delay of source is 0.304 ns
    Info: + Micro setup delay of destination is -0.040 ns
Info: tco from clock "clk" to destination pin "c" through register "co2" is 11.785 ns
    Info: + Longest clock path from clock "clk" to source register is 7.390 ns
        Info: 1: + IC(0.000 ns) + CELL(1.100 ns) = 1.100 ns; Loc. = PIN_17; Fanout = 2; CLK Node = 'clk'
        Info: 2: + IC(1.945 ns) + CELL(0.970 ns) = 4.015 ns; Loc. = LCFF_X17_Y11_N9; Fanout = 1; REG Node = 'co1'
        Info: 3: + IC(2.709 ns) + CELL(0.666 ns) = 7.390 ns; Loc. = LCFF_X3_Y2_N25; Fanout = 2; REG Node = 'co2'
        Info: Total cell delay = 2.736 ns ( 37.02 % )
        Info: Total interconnect delay = 4.654 ns ( 62.98 % )
    Info: + Micro clock to output delay of source is 0.304 ns
    Info: + Longest register to pin delay is 4.091 ns
        Info: 1: + IC(0.000 ns) + CELL(0.000 ns) = 0.000 ns; Loc. = LCFF_X3_Y2_N25; Fanout = 2; REG Node = 'co2'
        Info: 2: + IC(1.025 ns) + CELL(3.066 ns) = 4.091 ns; Loc. = PIN_30; Fanout = 0; PIN Node = 'c'
        Info: Total cell delay = 3.066 ns ( 74.94 % )
        Info: Total interconnect delay = 1.025 ns ( 25.05 % )
Info: Quartus II Classic Timing Analyzer was successful. 0 errors, 2 warnings
    Info: Peak virtual memory: 190 megabytes
    Info: Processing ended: Sat Nov 13 10:03:32 2021
    Info: Elapsed time: 00:00:01
    Info: Total CPU time (on all processors): 00:00:00


