Analysis & Synthesis report for top
Sun Nov 14 14:49:06 2021
Quartus II Version 9.0 Build 132 02/25/2009 SJ Full Version


---------------------
; Table of Contents ;
---------------------
  1. Legal Notice
  2. Analysis & Synthesis Summary
  3. Analysis & Synthesis Settings
  4. Analysis & Synthesis Source Files Read
  5. Analysis & Synthesis Resource Usage Summary
  6. Analysis & Synthesis Resource Utilization by Entity
  7. Analysis & Synthesis RAM Summary
  8. General Register Statistics
  9. Multiplexer Restructuring Statistics (Restructuring Performed)
 10. Source assignments for rom_jianpu:U2|altsyncram:altsyncram_component|altsyncram_ii71:auto_generated
 11. Parameter Settings for User Entity Instance: rom_jianpu:U2|altsyncram:altsyncram_component
 12. altsyncram Parameter Settings by Entity Instance
 13. Analysis & Synthesis Messages



----------------
; Legal Notice ;
----------------
Copyright (C) 1991-2009 Altera Corporation
Your use of Altera Corporation's design tools, logic functions 
and other software and tools, and its AMPP partner logic 
functions, and any output files from any of the foregoing 
(including device programming or simulation files), and any 
associated documentation or information are expressly subject 
to the terms and conditions of the Altera Program License 
Subscription Agreement, Altera MegaCore Function License 
Agreement, or other applicable license agreement, including, 
without limitation, that your use is for the sole purpose of 
programming logic devices manufactured by Altera and sold by 
Altera or its authorized distributors.  Please refer to the 
applicable agreement for further details.



+-------------------------------------------------------------------------------+
; Analysis & Synthesis Summary                                                  ;
+------------------------------------+------------------------------------------+
; Analysis & Synthesis Status        ; Successful - Sun Nov 14 14:49:06 2021    ;
; Quartus II Version                 ; 9.0 Build 132 02/25/2009 SJ Full Version ;
; Revision Name                      ; top                                      ;
; Top-level Entity Name              ; top                                      ;
; Family                             ; Cyclone II                               ;
; Total logic elements               ; 205                                      ;
;     Total combinational functions  ; 205                                      ;
;     Dedicated logic registers      ; 103                                      ;
; Total registers                    ; 103                                      ;
; Total pins                         ; 8                                        ;
; Total virtual pins                 ; 0                                        ;
; Total memory bits                  ; 2,332                                    ;
; Embedded Multiplier 9-bit elements ; 0                                        ;
; Total PLLs                         ; 0                                        ;
+------------------------------------+------------------------------------------+


+----------------------------------------------------------------------------------------------------------+
; Analysis & Synthesis Settings                                                                            ;
+----------------------------------------------------------------+--------------------+--------------------+
; Option                                                         ; Setting            ; Default Value      ;
+----------------------------------------------------------------+--------------------+--------------------+
; Device                                                         ; EP2C5T144C8        ;                    ;
; Top-level entity name                                          ; top                ; top                ;
; Family name                                                    ; Cyclone II         ; Stratix II         ;
; Use Generated Physical Constraints File                        ; Off                ;                    ;
; Use smart compilation                                          ; Off                ; Off                ;
; Restructure Multiplexers                                       ; Auto               ; Auto               ;
; Create Debugging Nodes for IP Cores                            ; Off                ; Off                ;
; Preserve fewer node names                                      ; On                 ; On                 ;
; Disable OpenCore Plus hardware evaluation                      ; Off                ; Off                ;
; Verilog Version                                                ; Verilog_2001       ; Verilog_2001       ;
; VHDL Version                                                   ; VHDL93             ; VHDL93             ;
; State Machine Processing                                       ; Auto               ; Auto               ;
; Safe State Machine                                             ; Off                ; Off                ;
; Extract Verilog State Machines                                 ; On                 ; On                 ;
; Extract VHDL State Machines                                    ; On                 ; On                 ;
; Ignore Verilog initial constructs                              ; Off                ; Off                ;
; Iteration limit for constant Verilog loops                     ; 5000               ; 5000               ;
; Iteration limit for non-constant Verilog loops                 ; 250                ; 250                ;
; Add Pass-Through Logic to Inferred RAMs                        ; On                 ; On                 ;
; Parallel Synthesis                                             ; Off                ; Off                ;
; DSP Block Balancing                                            ; Auto               ; Auto               ;
; NOT Gate Push-Back                                             ; On                 ; On                 ;
; Power-Up Don't Care                                            ; On                 ; On                 ;
; Remove Redundant Logic Cells                                   ; Off                ; Off                ;
; Remove Duplicate Registers                                     ; On                 ; On                 ;
; Ignore CARRY Buffers                                           ; Off                ; Off                ;
; Ignore CASCADE Buffers                                         ; Off                ; Off                ;
; Ignore GLOBAL Buffers                                          ; Off                ; Off                ;
; Ignore ROW GLOBAL Buffers                                      ; Off                ; Off                ;
; Ignore LCELL Buffers                                           ; Off                ; Off                ;
; Ignore SOFT Buffers                                            ; On                 ; On                 ;
; Limit AHDL Integers to 32 Bits                                 ; Off                ; Off                ;
; Optimization Technique                                         ; Balanced           ; Balanced           ;
; Carry Chain Length                                             ; 70                 ; 70                 ;
; Auto Carry Chains                                              ; On                 ; On                 ;
; Auto Open-Drain Pins                                           ; On                 ; On                 ;
; Perform WYSIWYG Primitive Resynthesis                          ; Off                ; Off                ;
; Auto ROM Replacement                                           ; On                 ; On                 ;
; Auto RAM Replacement                                           ; On                 ; On                 ;
; Auto Shift Register Replacement                                ; Auto               ; Auto               ;
; Auto Clock Enable Replacement                                  ; On                 ; On                 ;
; Strict RAM Replacement                                         ; Off                ; Off                ;
; Allow Synchronous Control Signals                              ; On                 ; On                 ;
; Force Use of Synchronous Clear Signals                         ; Off                ; Off                ;
; Auto RAM to Logic Cell Conversion                              ; Off                ; Off                ;
; Auto Resource Sharing                                          ; Off                ; Off                ;
; Allow Any RAM Size For Recognition                             ; Off                ; Off                ;
; Allow Any ROM Size For Recognition                             ; Off                ; Off                ;
; Allow Any Shift Register Size For Recognition                  ; Off                ; Off                ;
; Use LogicLock Constraints during Resource Balancing            ; On                 ; On                 ;
; Ignore translate_off and synthesis_off directives              ; Off                ; Off                ;
; Timing-Driven Synthesis                                        ; Off                ; Off                ;
; Show Parameter Settings Tables in Synthesis Report             ; On                 ; On                 ;
; Ignore Maximum Fan-Out Assignments                             ; Off                ; Off                ;
; Synchronization Register Chain Length                          ; 2                  ; 2                  ;
; PowerPlay Power Optimization                                   ; Normal compilation ; Normal compilation ;
; HDL message level                                              ; Level2             ; Level2             ;
; Suppress Register Optimization Related Messages                ; Off                ; Off                ;
; Number of Removed Registers Reported in Synthesis Report       ; 100                ; 100                ;
; Number of Inverted Registers Reported in Synthesis Report      ; 100                ; 100                ;
; Clock MUX Protection                                           ; On                 ; On                 ;
; Auto Gated Clock Conversion                                    ; Off                ; Off                ;
; Block Design Naming                                            ; Auto               ; Auto               ;
; SDC constraint protection                                      ; Off                ; Off                ;
; Synthesis Effort                                               ; Auto               ; Auto               ;
; Allows Asynchronous Clear Usage For Shift Register Replacement ; On                 ; On                 ;
; Analysis & Synthesis Message Level                             ; Medium             ; Medium             ;
+----------------------------------------------------------------+--------------------+--------------------+


+-------------------------------------------------------------------------------------------------------------------------------------------------------------+
; Analysis & Synthesis Source Files Read                                                                                                                      ;
+----------------------------------+-----------------+------------------------------+-------------------------------------------------------------------------+
; File Name with User-Entered Path ; Used in Netlist ; File Type                    ; File Name with Absolute Path                                            ;
+----------------------------------+-----------------+------------------------------+-------------------------------------------------------------------------+
; dizhifasheng.vhd                 ; yes             ; User VHDL File               ; F:/EDA课程设计/LK1113 - 初版/dizhifasheng.vhd                           ;
; fanyi.vhd                        ; yes             ; User VHDL File               ; F:/EDA课程设计/LK1113 - 初版/fanyi.vhd                                  ;
; m8hz.vhd                         ; yes             ; User VHDL File               ; F:/EDA课程设计/LK1113 - 初版/m8hz.vhd                                   ;
; rom_jianpu.vhd                   ; yes             ; User Wizard-Generated File   ; F:/EDA课程设计/LK1113 - 初版/rom_jianpu.vhd                             ;
; shukongfenpin.vhd                ; yes             ; User VHDL File               ; F:/EDA课程设计/LK1113 - 初版/shukongfenpin.vhd                          ;
; top.vhd                          ; yes             ; User VHDL File               ; F:/EDA课程设计/LK1113 - 初版/top.vhd                                    ;
; xuanqu.vhd                       ; yes             ; User VHDL File               ; F:/EDA课程设计/LK1113 - 初版/xuanqu.vhd                                 ;
; altsyncram.tdf                   ; yes             ; Megafunction                 ; e:/quartus ii 9.0/quartus/libraries/megafunctions/altsyncram.tdf        ;
; stratix_ram_block.inc            ; yes             ; Megafunction                 ; e:/quartus ii 9.0/quartus/libraries/megafunctions/stratix_ram_block.inc ;
; lpm_mux.inc                      ; yes             ; Megafunction                 ; e:/quartus ii 9.0/quartus/libraries/megafunctions/lpm_mux.inc           ;
; lpm_decode.inc                   ; yes             ; Megafunction                 ; e:/quartus ii 9.0/quartus/libraries/megafunctions/lpm_decode.inc        ;
; aglobal90.inc                    ; yes             ; Megafunction                 ; e:/quartus ii 9.0/quartus/libraries/megafunctions/aglobal90.inc         ;
; a_rdenreg.inc                    ; yes             ; Megafunction                 ; e:/quartus ii 9.0/quartus/libraries/megafunctions/a_rdenreg.inc         ;
; altrom.inc                       ; yes             ; Megafunction                 ; e:/quartus ii 9.0/quartus/libraries/megafunctions/altrom.inc            ;
; altram.inc                       ; yes             ; Megafunction                 ; e:/quartus ii 9.0/quartus/libraries/megafunctions/altram.inc            ;
; altdpram.inc                     ; yes             ; Megafunction                 ; e:/quartus ii 9.0/quartus/libraries/megafunctions/altdpram.inc          ;
; altqpram.inc                     ; yes             ; Megafunction                 ; e:/quartus ii 9.0/quartus/libraries/megafunctions/altqpram.inc          ;
; db/altsyncram_ii71.tdf           ; yes             ; Auto-Generated Megafunction  ; F:/EDA课程设计/LK1113 - 初版/db/altsyncram_ii71.tdf                     ;
+----------------------------------+-----------------+------------------------------+-------------------------------------------------------------------------+


+--------------------------------------------------------+
; Analysis & Synthesis Resource Usage Summary            ;
+---------------------------------------------+----------+
; Resource                                    ; Usage    ;
+---------------------------------------------+----------+
; Estimated Total logic elements              ; 205      ;
;                                             ;          ;
; Total combinational functions               ; 205      ;
; Logic element usage by number of LUT inputs ;          ;
;     -- 4 input functions                    ; 62       ;
;     -- 3 input functions                    ; 14       ;
;     -- <=2 input functions                  ; 129      ;
;                                             ;          ;
; Logic elements by mode                      ;          ;
;     -- normal mode                          ; 95       ;
;     -- arithmetic mode                      ; 110      ;
;                                             ;          ;
; Total registers                             ; 103      ;
;     -- Dedicated logic registers            ; 103      ;
;     -- I/O registers                        ; 0        ;
;                                             ;          ;
; I/O pins                                    ; 8        ;
; Total memory bits                           ; 2332     ;
; Maximum fan-out node                        ; clk20mhz ;
; Maximum fan-out                             ; 85       ;
; Total fan-out                               ; 862      ;
; Average fan-out                             ; 2.69     ;
+---------------------------------------------+----------+


+----------------------------------------------------------------------------------------------------------------------------------------------------------------------------------------------------------------------------------------------------------+
; Analysis & Synthesis Resource Utilization by Entity                                                                                                                                                                                                      ;
+-------------------------------------------+-------------------+--------------+-------------+--------------+---------+-----------+------+--------------+-----------------------------------------------------------------------------------+--------------+
; Compilation Hierarchy Node                ; LC Combinationals ; LC Registers ; Memory Bits ; DSP Elements ; DSP 9x9 ; DSP 18x18 ; Pins ; Virtual Pins ; Full Hierarchy Name                                                               ; Library Name ;
+-------------------------------------------+-------------------+--------------+-------------+--------------+---------+-----------+------+--------------+-----------------------------------------------------------------------------------+--------------+
; |top                                      ; 205 (0)           ; 103 (0)      ; 2332        ; 0            ; 0       ; 0         ; 8    ; 0            ; |top                                                                              ; work         ;
;    |dizhifasheng:U6|                      ; 32 (32)           ; 10 (10)      ; 0           ; 0            ; 0       ; 0         ; 0    ; 0            ; |top|dizhifasheng:U6                                                              ; work         ;
;    |fanyi:U3|                             ; 16 (16)           ; 0 (0)        ; 0           ; 0            ; 0       ; 0         ; 0    ; 0            ; |top|fanyi:U3                                                                     ; work         ;
;    |m8hz:U1|                              ; 40 (40)           ; 25 (25)      ; 0           ; 0            ; 0       ; 0         ; 0    ; 0            ; |top|m8hz:U1                                                                      ; work         ;
;    |rom_jianpu:U2|                        ; 0 (0)             ; 0 (0)        ; 2332        ; 0            ; 0       ; 0         ; 0    ; 0            ; |top|rom_jianpu:U2                                                                ; work         ;
;       |altsyncram:altsyncram_component|   ; 0 (0)             ; 0 (0)        ; 2332        ; 0            ; 0       ; 0         ; 0    ; 0            ; |top|rom_jianpu:U2|altsyncram:altsyncram_component                                ; work         ;
;          |altsyncram_ii71:auto_generated| ; 0 (0)             ; 0 (0)        ; 2332        ; 0            ; 0       ; 0         ; 0    ; 0            ; |top|rom_jianpu:U2|altsyncram:altsyncram_component|altsyncram_ii71:auto_generated ; work         ;
;    |shukongfenpin:U4|                     ; 44 (44)           ; 18 (18)      ; 0           ; 0            ; 0       ; 0         ; 0    ; 0            ; |top|shukongfenpin:U4                                                             ; work         ;
;    |xuanqu:U5|                            ; 73 (73)           ; 50 (50)      ; 0           ; 0            ; 0       ; 0         ; 0    ; 0            ; |top|xuanqu:U5                                                                    ; work         ;
+-------------------------------------------+-------------------+--------------+-------------+--------------+---------+-----------+------+--------------+-----------------------------------------------------------------------------------+--------------+
Note: For table entries with two numbers listed, the numbers in parentheses indicate the number of resources of the given type used by the specific entity alone. The numbers listed outside of parentheses indicate the total resources of the given type used by the specific entity and all of its sub-entities in the hierarchy.


+-------------------------------------------------------------------------------------------------------------------------------------------------------------------------------------------+
; Analysis & Synthesis RAM Summary                                                                                                                                                          ;
+-----------------------------------------------------------------------------------------+------+------+--------------+--------------+--------------+--------------+------+----------------+
; Name                                                                                    ; Type ; Mode ; Port A Depth ; Port A Width ; Port B Depth ; Port B Width ; Size ; MIF            ;
+-----------------------------------------------------------------------------------------+------+------+--------------+--------------+--------------+--------------+------+----------------+
; rom_jianpu:U2|altsyncram:altsyncram_component|altsyncram_ii71:auto_generated|ALTSYNCRAM ; AUTO ; ROM  ; 583          ; 4            ; --           ; --           ; 2332 ; rom_jianpu.mif ;
+-----------------------------------------------------------------------------------------+------+------+--------------+--------------+--------------+--------------+------+----------------+


+------------------------------------------------------+
; General Register Statistics                          ;
+----------------------------------------------+-------+
; Statistic                                    ; Value ;
+----------------------------------------------+-------+
; Total registers                              ; 103   ;
; Number of registers using Synchronous Clear  ; 68    ;
; Number of registers using Synchronous Load   ; 0     ;
; Number of registers using Asynchronous Clear ; 4     ;
; Number of registers using Asynchronous Load  ; 0     ;
; Number of registers using Clock Enable       ; 2     ;
; Number of registers using Preset             ; 0     ;
+----------------------------------------------+-------+


+-------------------------------------------------------------------------------------------------------------------------------------------------+
; Multiplexer Restructuring Statistics (Restructuring Performed)                                                                                  ;
+--------------------+-----------+---------------+----------------------+------------------------+------------+-----------------------------------+
; Multiplexer Inputs ; Bus Width ; Baseline Area ; Area if Restructured ; Saving if Restructured ; Registered ; Example Multiplexer Output        ;
+--------------------+-----------+---------------+----------------------+------------------------+------------+-----------------------------------+
; 8:1                ; 10 bits   ; 50 LEs        ; 10 LEs               ; 40 LEs                 ; Yes        ; |top|dizhifasheng:U6|counter1[4]  ;
; 3:1                ; 2 bits    ; 4 LEs         ; 4 LEs                ; 0 LEs                  ; No         ; |top|dizhifasheng:U6|counter[3]~8 ;
+--------------------+-----------+---------------+----------------------+------------------------+------------+-----------------------------------+


+-----------------------------------------------------------------------------------------------------+
; Source assignments for rom_jianpu:U2|altsyncram:altsyncram_component|altsyncram_ii71:auto_generated ;
+---------------------------------+--------------------+------+---------------------------------------+
; Assignment                      ; Value              ; From ; To                                    ;
+---------------------------------+--------------------+------+---------------------------------------+
; OPTIMIZE_POWER_DURING_SYNTHESIS ; NORMAL_COMPILATION ; -    ; -                                     ;
+---------------------------------+--------------------+------+---------------------------------------+


+--------------------------------------------------------------------------------------------+
; Parameter Settings for User Entity Instance: rom_jianpu:U2|altsyncram:altsyncram_component ;
+------------------------------------+----------------------+--------------------------------+
; Parameter Name                     ; Value                ; Type                           ;
+------------------------------------+----------------------+--------------------------------+
; BYTE_SIZE_BLOCK                    ; 8                    ; Untyped                        ;
; AUTO_CARRY_CHAINS                  ; ON                   ; AUTO_CARRY                     ;
; IGNORE_CARRY_BUFFERS               ; OFF                  ; IGNORE_CARRY                   ;
; AUTO_CASCADE_CHAINS                ; ON                   ; AUTO_CASCADE                   ;
; IGNORE_CASCADE_BUFFERS             ; OFF                  ; IGNORE_CASCADE                 ;
; WIDTH_BYTEENA                      ; 1                    ; Untyped                        ;
; OPERATION_MODE                     ; ROM                  ; Untyped                        ;
; WIDTH_A                            ; 4                    ; Signed Integer                 ;
; WIDTHAD_A                          ; 10                   ; Signed Integer                 ;
; NUMWORDS_A                         ; 583                  ; Signed Integer                 ;
; OUTDATA_REG_A                      ; CLOCK0               ; Untyped                        ;
; ADDRESS_ACLR_A                     ; NONE                 ; Untyped                        ;
; OUTDATA_ACLR_A                     ; NONE                 ; Untyped                        ;
; WRCONTROL_ACLR_A                   ; NONE                 ; Untyped                        ;
; INDATA_ACLR_A                      ; NONE                 ; Untyped                        ;
; BYTEENA_ACLR_A                     ; NONE                 ; Untyped                        ;
; WIDTH_B                            ; 1                    ; Untyped                        ;
; WIDTHAD_B                          ; 1                    ; Untyped                        ;
; NUMWORDS_B                         ; 1                    ; Untyped                        ;
; INDATA_REG_B                       ; CLOCK1               ; Untyped                        ;
; WRCONTROL_WRADDRESS_REG_B          ; CLOCK1               ; Untyped                        ;
; RDCONTROL_REG_B                    ; CLOCK1               ; Untyped                        ;
; ADDRESS_REG_B                      ; CLOCK1               ; Untyped                        ;
; OUTDATA_REG_B                      ; UNREGISTERED         ; Untyped                        ;
; BYTEENA_REG_B                      ; CLOCK1               ; Untyped                        ;
; INDATA_ACLR_B                      ; NONE                 ; Untyped                        ;
; WRCONTROL_ACLR_B                   ; NONE                 ; Untyped                        ;
; ADDRESS_ACLR_B                     ; NONE                 ; Untyped                        ;
; OUTDATA_ACLR_B                     ; NONE                 ; Untyped                        ;
; RDCONTROL_ACLR_B                   ; NONE                 ; Untyped                        ;
; BYTEENA_ACLR_B                     ; NONE                 ; Untyped                        ;
; WIDTH_BYTEENA_A                    ; 1                    ; Signed Integer                 ;
; WIDTH_BYTEENA_B                    ; 1                    ; Untyped                        ;
; RAM_BLOCK_TYPE                     ; AUTO                 ; Untyped                        ;
; BYTE_SIZE                          ; 8                    ; Untyped                        ;
; READ_DURING_WRITE_MODE_MIXED_PORTS ; DONT_CARE            ; Untyped                        ;
; READ_DURING_WRITE_MODE_PORT_A      ; NEW_DATA_NO_NBE_READ ; Untyped                        ;
; READ_DURING_WRITE_MODE_PORT_B      ; NEW_DATA_NO_NBE_READ ; Untyped                        ;
; INIT_FILE                          ; rom_jianpu.mif       ; Untyped                        ;
; INIT_FILE_LAYOUT                   ; PORT_A               ; Untyped                        ;
; MAXIMUM_DEPTH                      ; 0                    ; Untyped                        ;
; CLOCK_ENABLE_INPUT_A               ; BYPASS               ; Untyped                        ;
; CLOCK_ENABLE_INPUT_B               ; NORMAL               ; Untyped                        ;
; CLOCK_ENABLE_OUTPUT_A              ; BYPASS               ; Untyped                        ;
; CLOCK_ENABLE_OUTPUT_B              ; NORMAL               ; Untyped                        ;
; CLOCK_ENABLE_CORE_A                ; USE_INPUT_CLKEN      ; Untyped                        ;
; CLOCK_ENABLE_CORE_B                ; USE_INPUT_CLKEN      ; Untyped                        ;
; ENABLE_ECC                         ; FALSE                ; Untyped                        ;
; DEVICE_FAMILY                      ; Cyclone II           ; Untyped                        ;
; CBXI_PARAMETER                     ; altsyncram_ii71      ; Untyped                        ;
+------------------------------------+----------------------+--------------------------------+
Note: In order to hide this table in the UI and the text report file, please set the "Show Parameter Settings Tables in Synthesis Report" option in "Analysis and Synthesis Settings -> More Settings" to "Off".


+-------------------------------------------------------------------------------------------+
; altsyncram Parameter Settings by Entity Instance                                          ;
+-------------------------------------------+-----------------------------------------------+
; Name                                      ; Value                                         ;
+-------------------------------------------+-----------------------------------------------+
; Number of entity instances                ; 1                                             ;
; Entity Instance                           ; rom_jianpu:U2|altsyncram:altsyncram_component ;
;     -- OPERATION_MODE                     ; ROM                                           ;
;     -- WIDTH_A                            ; 4                                             ;
;     -- NUMWORDS_A                         ; 583                                           ;
;     -- OUTDATA_REG_A                      ; CLOCK0                                        ;
;     -- WIDTH_B                            ; 1                                             ;
;     -- NUMWORDS_B                         ; 1                                             ;
;     -- ADDRESS_REG_B                      ; CLOCK1                                        ;
;     -- OUTDATA_REG_B                      ; UNREGISTERED                                  ;
;     -- RAM_BLOCK_TYPE                     ; AUTO                                          ;
;     -- READ_DURING_WRITE_MODE_MIXED_PORTS ; DONT_CARE                                     ;
+-------------------------------------------+-----------------------------------------------+


+-------------------------------+
; Analysis & Synthesis Messages ;
+-------------------------------+
Info: *******************************************************************
Info: Running Quartus II Analysis & Synthesis
    Info: Version 9.0 Build 132 02/25/2009 SJ Full Version
    Info: Processing started: Sun Nov 14 14:49:05 2021
Info: Command: quartus_map --read_settings_files=on --write_settings_files=off top -c top
Info: Found 2 design units, including 1 entities, in source file dizhifasheng.vhd
    Info: Found design unit 1: dizhifasheng-B
    Info: Found entity 1: dizhifasheng
Info: Found 2 design units, including 1 entities, in source file fanyi.vhd
    Info: Found design unit 1: fanyi-aa
    Info: Found entity 1: fanyi
Info: Found 2 design units, including 1 entities, in source file m8hz.vhd
    Info: Found design unit 1: m8hz-A
    Info: Found entity 1: m8hz
Info: Found 2 design units, including 1 entities, in source file rom_jianpu.vhd
    Info: Found design unit 1: rom_jianpu-SYN
    Info: Found entity 1: rom_jianpu
Info: Found 2 design units, including 1 entities, in source file shukongfenpin.vhd
    Info: Found design unit 1: shukongfenpin-a
    Info: Found entity 1: shukongfenpin
Info: Found 2 design units, including 1 entities, in source file top.vhd
    Info: Found design unit 1: top-B
    Info: Found entity 1: top
Info: Found 2 design units, including 1 entities, in source file xuanqu.vhd
    Info: Found design unit 1: xuanqu-B
    Info: Found entity 1: xuanqu
Info: Elaborating entity "top" for the top level hierarchy
Info: Elaborating entity "m8hz" for hierarchy "m8hz:U1"
Warning (10492): VHDL Process Statement warning at m8hz.vhd(29): signal "co2" is read inside the Process Statement but isn't in the Process Statement's sensitivity list
Info: Elaborating entity "rom_jianpu" for hierarchy "rom_jianpu:U2"
Info: Elaborating entity "altsyncram" for hierarchy "rom_jianpu:U2|altsyncram:altsyncram_component"
Info: Elaborated megafunction instantiation "rom_jianpu:U2|altsyncram:altsyncram_component"
Info: Instantiated megafunction "rom_jianpu:U2|altsyncram:altsyncram_component" with the following parameter:
    Info: Parameter "clock_enable_input_a" = "BYPASS"
    Info: Parameter "clock_enable_output_a" = "BYPASS"
    Info: Parameter "init_file" = "rom_jianpu.mif"
    Info: Parameter "intended_device_family" = "Cyclone II"
    Info: Parameter "lpm_hint" = "ENABLE_RUNTIME_MOD=NO"
    Info: Parameter "lpm_type" = "altsyncram"
    Info: Parameter "numwords_a" = "583"
    Info: Parameter "operation_mode" = "ROM"
    Info: Parameter "outdata_aclr_a" = "NONE"
    Info: Parameter "outdata_reg_a" = "CLOCK0"
    Info: Parameter "widthad_a" = "10"
    Info: Parameter "width_a" = "4"
    Info: Parameter "width_byteena_a" = "1"
Info: Found 1 design units, including 1 entities, in source file db/altsyncram_ii71.tdf
    Info: Found entity 1: altsyncram_ii71
Info: Elaborating entity "altsyncram_ii71" for hierarchy "rom_jianpu:U2|altsyncram:altsyncram_component|altsyncram_ii71:auto_generated"
Info: Elaborating entity "fanyi" for hierarchy "fanyi:U3"
Info: Elaborating entity "shukongfenpin" for hierarchy "shukongfenpin:U4"
Warning (10492): VHDL Process Statement warning at shukongfenpin.vhd(30): signal "co2" is read inside the Process Statement but isn't in the Process Statement's sensitivity list
Info: Elaborating entity "xuanqu" for hierarchy "xuanqu:U5"
Warning (10492): VHDL Process Statement warning at xuanqu.vhd(94): signal "a" is read inside the Process Statement but isn't in the Process Statement's sensitivity list
Warning (10492): VHDL Process Statement warning at xuanqu.vhd(101): signal "a" is read inside the Process Statement but isn't in the Process Statement's sensitivity list
Warning (10492): VHDL Process Statement warning at xuanqu.vhd(111): signal "a" is read inside the Process Statement but isn't in the Process Statement's sensitivity list
Info: Elaborating entity "dizhifasheng" for hierarchy "dizhifasheng:U6"
Warning (10492): VHDL Process Statement warning at dizhifasheng.vhd(21): signal "add" is read inside the Process Statement but isn't in the Process Statement's sensitivity list
Warning (10492): VHDL Process Statement warning at dizhifasheng.vhd(22): signal "add" is read inside the Process Statement but isn't in the Process Statement's sensitivity list
Warning (10492): VHDL Process Statement warning at dizhifasheng.vhd(23): signal "add" is read inside the Process Statement but isn't in the Process Statement's sensitivity list
Warning (10492): VHDL Process Statement warning at dizhifasheng.vhd(24): signal "add" is read inside the Process Statement but isn't in the Process Statement's sensitivity list
Warning (10492): VHDL Process Statement warning at dizhifasheng.vhd(39): signal "counter" is read inside the Process Statement but isn't in the Process Statement's sensitivity list
Warning (10492): VHDL Process Statement warning at dizhifasheng.vhd(39): signal "counter1" is read inside the Process Statement but isn't in the Process Statement's sensitivity list
Warning (10631): VHDL Process Statement warning at dizhifasheng.vhd(19): inferring latch(es) for signal or variable "counter", which holds its previous value in one or more paths through the process
Info (10041): Inferred latch for "counter[0]" at dizhifasheng.vhd(19)
Info (10041): Inferred latch for "counter[1]" at dizhifasheng.vhd(19)
Info (10041): Inferred latch for "counter[2]" at dizhifasheng.vhd(19)
Info (10041): Inferred latch for "counter[3]" at dizhifasheng.vhd(19)
Info (10041): Inferred latch for "counter[4]" at dizhifasheng.vhd(19)
Info (10041): Inferred latch for "counter[5]" at dizhifasheng.vhd(19)
Info (10041): Inferred latch for "counter[6]" at dizhifasheng.vhd(19)
Info (10041): Inferred latch for "counter[7]" at dizhifasheng.vhd(19)
Info (10041): Inferred latch for "counter[8]" at dizhifasheng.vhd(19)
Info (10041): Inferred latch for "counter[9]" at dizhifasheng.vhd(19)
Info: Implemented 219 device resources after synthesis - the final resource count might be different
    Info: Implemented 7 input pins
    Info: Implemented 1 output pins
    Info: Implemented 207 logic cells
    Info: Implemented 4 RAM segments
Info: Quartus II Analysis & Synthesis was successful. 0 errors, 12 warnings
    Info: Peak virtual memory: 256 megabytes
    Info: Processing ended: Sun Nov 14 14:49:06 2021
    Info: Elapsed time: 00:00:01
    Info: Total CPU time (on all processors): 00:00:01


